C:\Program Files (x86)\Microsoft Visual Studio\2019\Community\MSBuild\Microsoft\VC\v160\Microsoft.CppBuild.targets(452,5): warning MSB8004: El directorio Intermediate no termina con una barra diagonal final. Esta instancia de compilación agregará la barra diagonal porque es necesaria para que se pueda evaluar correctamente el directorio Intermediate.
  Client.vcxproj -> C:\Users\Eliam\Desktop\Onfer\Onfer\Debug\Client\Client.exe

Resumen del rendimiento del proyecto:
        9 ms C:\Users\Eliam\Desktop\Onfer\Onfer\Onfer\Onfer.vcxproj   4 llamadas
                  2 ms GetTargetPath                              1 llamadas
                  4 ms GetNativeManifest                          1 llamadas
                  2 ms GetResolvedLinkLibs                        1 llamadas
                  1 ms GetCopyToOutputDirectoryItems              1 llamadas
      825 ms C:\Users\Eliam\Desktop\Onfer\Onfer\Client\Client.vcxproj   1 llamadas
                825 ms Build                                      1 llamadas

Resumen del rendimiento de destino:
        0 ms _ResourceCompile                           1 llamadas
        0 ms CreateCustomManifestResourceNames          1 llamadas
        0 ms ComputeManifestInputsTargets               1 llamadas
        0 ms ComputeResolveLinkObj                      1 llamadas
        0 ms ComputeLinkInputsFromProject               1 llamadas
        0 ms ComputeCLGeneratedLinkInputs               1 llamadas
        0 ms ComputeCLOutputs                           1 llamadas
        0 ms ComputeManifestGeneratedLinkerInputs       1 llamadas
        0 ms ComputeRCOutputs                           1 llamadas
        0 ms BeforeLink                                 1 llamadas
        0 ms ComputeLegacyManifestEmbedding             1 llamadas
        0 ms BuildCompile                               1 llamadas
        0 ms _BuildCompileAction                        1 llamadas
        0 ms AfterBuildCompileEvent                     1 llamadas
        0 ms AfterResourceCompile                       1 llamadas
        0 ms BeforeResourceCompile                      1 llamadas
        0 ms _ClCompile                                 1 llamadas
        0 ms AfterClCompile                             1 llamadas
        0 ms SelectClCompile                            1 llamadas
        0 ms ComputeReferenceCLInput                    1 llamadas
        0 ms PrepareResourceNames                       1 llamadas
        0 ms ComputeCLInputPDBName                      1 llamadas
        0 ms PreLinkEvent                               1 llamadas
        0 ms AfterLink                                  1 llamadas
        0 ms AfterBuild                                 1 llamadas
        0 ms BuildLink                                  1 llamadas
        0 ms _BuildLinkAction                           1 llamadas
        0 ms PostBuildEvent                             1 llamadas
        0 ms PrepareForRun                              1 llamadas
        0 ms _CopySourceItemsToOutputDirectory          1 llamadas
        0 ms _PopulateCommonStateForGetCopyToOutputDirectoryItems   1 llamadas
        0 ms _Deploy                                    1 llamadas
        0 ms _Appverifier                               1 llamadas
        0 ms CreateSatelliteAssemblies                  1 llamadas
        0 ms _BscMake                                   1 llamadas
        0 ms MakeDirsForBscMake                         1 llamadas
        0 ms ComputeCLCompileGeneratedSbrFiles          1 llamadas
        0 ms _XdcMake                                   1 llamadas
        0 ms ComputeCLCompileGeneratedXDCFiles          1 llamadas
        0 ms RegisterOutput                             1 llamadas
        0 ms _Manifest                                  1 llamadas
        0 ms _ALink                                     1 llamadas
        0 ms _Link                                      1 llamadas
        0 ms ComputeLinkSwitches                        1 llamadas
        0 ms BeforeClCompile                            1 llamadas
        0 ms Build                                      1 llamadas
        0 ms BuildGenerateSourcesTraverse               1 llamadas
        0 ms AfterResolveReferences                     1 llamadas
        0 ms BeforeResolveReferences                    1 llamadas
        0 ms _PrepareForReferenceResolution             1 llamadas
        0 ms ResolveAssemblyReferences                  1 llamadas
        0 ms BeforeBuildGenerateSources                 1 llamadas
        0 ms _SelectedFiles                             1 llamadas
        0 ms BuildCompileTraverse                       1 llamadas
        0 ms SelectCustomBuild                          1 llamadas
        0 ms ComputeCustomBuildOutput                   1 llamadas
        0 ms ExpandSDKReferences                        1 llamadas
        0 ms ResolveSDKReferences                       1 llamadas
        0 ms PrepareProjectReferences                   1 llamadas
        0 ms ResolveReferences                          1 llamadas
        0 ms _Xsd                                       1 llamadas
        0 ms SetCABuildNativeEnvironmentVariables       1 llamadas
        0 ms _RemoveNameMetadataFromProjectReferenceItems   1 llamadas
        0 ms AfterMidl                                  1 llamadas
        0 ms _Midl                                      1 llamadas
        0 ms AfterBuildGenerateSources                  1 llamadas
        0 ms SetBuildDefaultEnvironmentVariables        1 llamadas
        0 ms AfterBuildGenerateSourcesEvent             1 llamadas
        0 ms MakeDirsForMidl                            1 llamadas
        0 ms GetReferenceAssemblyPaths                  1 llamadas
        0 ms GetFrameworkPaths                          1 llamadas
        0 ms _BuildGenerateSourcesAction                1 llamadas
        1 ms GetCopyToOutputDirectoryXamlAppDefs        1 llamadas
        1 ms FindReferenceAssembliesForReferences       1 llamadas
        1 ms _CheckForCompileOutputs                    1 llamadas
        1 ms MakeDirsForXdcMake                         1 llamadas
        1 ms _CleanGetCurrentAndPriorFileWrites         1 llamadas
        1 ms GetResolvedLinkLibs                        1 llamadas
        1 ms BuildGenerateSources                       1 llamadas
        1 ms GetTargetPath                              1 llamadas
        1 ms _GetProjectReferenceTargetFrameworkProperties   1 llamadas
        1 ms ComputeRCGeneratedLinkInputs               1 llamadas
        1 ms _CheckWindowsSDKInstalled                  1 llamadas
        1 ms PreBuildEvent                              1 llamadas
        1 ms ComputeLinkImportLibraryOutputsForClean    1 llamadas
        1 ms SetTelemetryEnvironmentVariables           1 llamadas
        1 ms MakeDirsForCl                              1 llamadas
        1 ms WarnCompileDuplicatedFilename              1 llamadas
        1 ms FixupCLCompileOptions                      1 llamadas
        1 ms _PrepareForBuild                           1 llamadas
        1 ms ComputeMIDLGeneratedCompileInputs          1 llamadas
        1 ms GetTargetPathWithTargetPlatformMoniker     1 llamadas
        1 ms CopyFilesToOutputDirectory                 1 llamadas
        1 ms ResolvedXDCMake                            1 llamadas
        1 ms MakeDirsForResourceCompile                 1 llamadas
        1 ms BuildLinkTraverse                          1 llamadas
        1 ms IncrementalClean                           1 llamadas
        1 ms _GetCopyToOutputDirectoryItemsFromThisProject   1 llamadas
        1 ms _CheckForInvalidConfigurationAndPlatform   1 llamadas
        1 ms GetResolvedWinMD                           1 llamadas
        1 ms AssignTargetPaths                          1 llamadas
        1 ms DoLinkOutputFilesMatch                     1 llamadas
        1 ms ComputeReferenceLinkInputs                 1 llamadas
        1 ms _GenerateSatelliteAssemblyInputs           1 llamadas
        2 ms SplitResourcesByCulture                    1 llamadas
        2 ms AssignProjectConfiguration                 1 llamadas
        2 ms _SplitProjectReferencesByFileExistence     1 llamadas
        2 ms CopyFileToFolders                          1 llamadas
        3 ms MakeDirsForLink                            1 llamadas
        4 ms CustomBuild                                1 llamadas
        4 ms GetNativeManifest                          1 llamadas
        6 ms FinalizeBuildStatus                        1 llamadas
        8 ms _GetCopyToOutputDirectoryItemsFromTransitiveProjectReferences   1 llamadas
        9 ms ResolvedLinkLib                            2 llamadas
        9 ms GetCopyToOutputDirectoryItems              1 llamadas
       10 ms InitializeBuildStatus                      1 llamadas
       15 ms PrepareForBuild                            1 llamadas
       19 ms ClCompile                                  1 llamadas
       63 ms ResolveProjectReferences                   1 llamadas
      644 ms Link                                       1 llamadas

Resumen del rendimiento de la tarea:
        0 ms AssignProjectConfiguration                 1 llamadas
        0 ms FindUnderPath                              5 llamadas
        0 ms ConvertToAbsolutePath                      1 llamadas
        0 ms CheckVCToolsetVersion                      1 llamadas
        0 ms AssignCulture                              1 llamadas
        0 ms RemoveDuplicates                           2 llamadas
        1 ms SetEnv                                     8 llamadas
        1 ms ResolveNonMSBuildProjectOutput             1 llamadas
        1 ms Message                                    3 llamadas
        1 ms AssignTargetPath                           7 llamadas
        2 ms Delete                                     2 llamadas
        2 ms ReadLinesFromFile                          2 llamadas
        3 ms MakeDir                                    9 llamadas
        3 ms WriteLinesToFile                           1 llamadas
        3 ms GetOutOfDateItems                          3 llamadas
        7 ms VCMessage                                  1 llamadas
        8 ms Touch                                      2 llamadas
        9 ms CallTarget                                 2 llamadas
       18 ms CL                                         1 llamadas
       76 ms MSBuild                                    4 llamadas
      642 ms Link                                       1 llamadas
