  mat4.cpp
C:\Users\Eliam\Desktop\Onfer\Onfer\Onfer\utils\mat4.cpp(33,36): warning C4244: '=': conversión de 'int' a 'float'; posible pérdida de datos
C:\Users\Eliam\Desktop\Onfer\Onfer\Onfer\utils\mat4.cpp(60,33): warning C4244: 'argumento': conversión de 'double' a 'float'; posible pérdida de datos
C:\Users\Eliam\Desktop\Onfer\Onfer\Onfer\utils\mat4.cpp(61,33): warning C4244: 'argumento': conversión de 'double' a 'float'; posible pérdida de datos
C:\Users\Eliam\Desktop\Onfer\Onfer\Onfer\utils\mat4.cpp(62,34): warning C4244: 'argumento': conversión de 'double' a 'float'; posible pérdida de datos
C:\Users\Eliam\Desktop\Onfer\Onfer\Onfer\utils\mat4.cpp(63,34): warning C4244: 'argumento': conversión de 'double' a 'float'; posible pérdida de datos
C:\Users\Eliam\Desktop\Onfer\Onfer\Onfer\utils\mat4.cpp(70,33): warning C4244: 'argumento': conversión de 'double' a 'float'; posible pérdida de datos
C:\Users\Eliam\Desktop\Onfer\Onfer\Onfer\utils\mat4.cpp(71,34): warning C4244: 'argumento': conversión de 'double' a 'float'; posible pérdida de datos
C:\Users\Eliam\Desktop\Onfer\Onfer\Onfer\utils\mat4.cpp(72,33): warning C4244: 'argumento': conversión de 'double' a 'float'; posible pérdida de datos
C:\Users\Eliam\Desktop\Onfer\Onfer\Onfer\utils\mat4.cpp(73,34): warning C4244: 'argumento': conversión de 'double' a 'float'; posible pérdida de datos
C:\Users\Eliam\Desktop\Onfer\Onfer\Onfer\utils\mat4.cpp(80,31): warning C4244: '=': conversión de 'double' a 'float'; posible pérdida de datos
C:\Users\Eliam\Desktop\Onfer\Onfer\Onfer\utils\mat4.cpp(81,31): warning C4244: '=': conversión de 'double' a 'float'; posible pérdida de datos
C:\Users\Eliam\Desktop\Onfer\Onfer\Onfer\utils\mat4.cpp(82,23): warning C4244: '=': conversión de 'double' a 'float'; posible pérdida de datos
C:\Users\Eliam\Desktop\Onfer\Onfer\Onfer\utils\mat4.cpp(83,31): warning C4244: '=': conversión de 'double' a 'float'; posible pérdida de datos
C:\Users\Eliam\Desktop\Onfer\Onfer\Onfer\utils\mat4.cpp(235,35): warning C4244: '=': conversión de 'int' a 'float'; posible pérdida de datos
C:\Users\Eliam\Desktop\Onfer\Onfer\Onfer\utils\mat4.cpp(269,32): warning C4244: 'argumento': conversión de 'double' a 'float'; posible pérdida de datos
C:\Users\Eliam\Desktop\Onfer\Onfer\Onfer\utils\mat4.cpp(270,32): warning C4244: 'argumento': conversión de 'double' a 'float'; posible pérdida de datos
C:\Users\Eliam\Desktop\Onfer\Onfer\Onfer\utils\mat4.cpp(271,33): warning C4244: 'argumento': conversión de 'double' a 'float'; posible pérdida de datos
C:\Users\Eliam\Desktop\Onfer\Onfer\Onfer\utils\mat4.cpp(272,33): warning C4244: 'argumento': conversión de 'double' a 'float'; posible pérdida de datos
C:\Users\Eliam\Desktop\Onfer\Onfer\Onfer\utils\mat4.cpp(281,32): warning C4244: 'argumento': conversión de 'double' a 'float'; posible pérdida de datos
C:\Users\Eliam\Desktop\Onfer\Onfer\Onfer\utils\mat4.cpp(282,33): warning C4244: 'argumento': conversión de 'double' a 'float'; posible pérdida de datos
C:\Users\Eliam\Desktop\Onfer\Onfer\Onfer\utils\mat4.cpp(283,32): warning C4244: 'argumento': conversión de 'double' a 'float'; posible pérdida de datos
C:\Users\Eliam\Desktop\Onfer\Onfer\Onfer\utils\mat4.cpp(284,33): warning C4244: 'argumento': conversión de 'double' a 'float'; posible pérdida de datos
C:\Users\Eliam\Desktop\Onfer\Onfer\Onfer\utils\mat4.cpp(293,30): warning C4244: '=': conversión de 'double' a 'float'; posible pérdida de datos
C:\Users\Eliam\Desktop\Onfer\Onfer\Onfer\utils\mat4.cpp(294,30): warning C4244: '=': conversión de 'double' a 'float'; posible pérdida de datos
C:\Users\Eliam\Desktop\Onfer\Onfer\Onfer\utils\mat4.cpp(295,22): warning C4244: '=': conversión de 'double' a 'float'; posible pérdida de datos
C:\Users\Eliam\Desktop\Onfer\Onfer\Onfer\utils\mat4.cpp(296,30): warning C4244: '=': conversión de 'double' a 'float'; posible pérdida de datos
  Onfer.vcxproj -> C:\Users\Eliam\Desktop\Onfer\Onfer\Debug\Onfer\Onfer.lib

Resumen del rendimiento del proyecto:
     2857 ms C:\Users\Eliam\Desktop\Onfer\Onfer\Onfer\Onfer.vcxproj   1 llamadas
               2857 ms Build                                      1 llamadas

Resumen del rendimiento de destino:
        0 ms BuildCompileTraverse                       1 llamadas
        0 ms _ResourceCompile                           1 llamadas
        0 ms AfterResourceCompile                       1 llamadas
        0 ms MakeDirsForResourceCompile                 1 llamadas
        0 ms _Appverifier                               1 llamadas
        0 ms _ClCompile                                 1 llamadas
        0 ms AfterClCompile                             1 llamadas
        0 ms _Deploy                                    1 llamadas
        0 ms SelectClCompile                            1 llamadas
        0 ms _PopulateCommonStateForGetCopyToOutputDirectoryItems   1 llamadas
        0 ms GetCopyToOutputDirectoryXamlAppDefs        1 llamadas
        0 ms _GetCopyToOutputDirectoryItemsFromTransitiveProjectReferences   1 llamadas
        0 ms FindReferenceAssembliesForReferences       1 llamadas
        0 ms ComputeCLInputPDBName                      1 llamadas
        0 ms BeforeClCompile                            1 llamadas
        0 ms MakeDirsForBscMake                         1 llamadas
        0 ms BeforeLib                                  1 llamadas
        0 ms BuildGenerateSources                       1 llamadas
        0 ms ComputeLibAdditionalOptions                1 llamadas
        0 ms CreateSatelliteAssemblies                  1 llamadas
        0 ms ResolvedXDCMake                            1 llamadas
        0 ms RegisterOutput                             1 llamadas
        0 ms _Manifest                                  1 llamadas
        0 ms _ALink                                     1 llamadas
        0 ms BuildLinkTraverse                          1 llamadas
        0 ms BuildCompile                               1 llamadas
        0 ms _BuildCompileAction                        1 llamadas
        0 ms AfterBuildCompileEvent                     1 llamadas
        0 ms _Lib                                       1 llamadas
        0 ms AfterLib                                   1 llamadas
        0 ms _BscMake                                   1 llamadas
        0 ms PreLinkEvent                               1 llamadas
        0 ms _GenerateSatelliteAssemblyInputs           1 llamadas
        0 ms ComputeLibInputsFromProject                1 llamadas
        0 ms ComputeCLGeneratedLibInputs                1 llamadas
        0 ms ComputeRCGeneratedLibInputs                1 llamadas
        0 ms _BuildGenerateSourcesAction                1 llamadas
        0 ms _XdcMake                                   1 llamadas
        0 ms AfterBuildGenerateSources                  1 llamadas
        0 ms ExpandSDKReferences                        1 llamadas
        0 ms AfterBuildGenerateSourcesEvent             1 llamadas
        0 ms PrepareForRun                              1 llamadas
        0 ms SetCABuildNativeEnvironmentVariables       1 llamadas
        0 ms GetResolvedWinMD                           1 llamadas
        0 ms SetBuildDefaultEnvironmentVariables        1 llamadas
        0 ms ResolveAssemblyReferences                  1 llamadas
        0 ms PostBuildEvent                             1 llamadas
        0 ms PrepareProjectReferences                   1 llamadas
        0 ms BuildLink                                  1 llamadas
        0 ms _SplitProjectReferencesByFileExistence     1 llamadas
        0 ms AfterBuild                                 1 llamadas
        0 ms BeforeResolveReferences                    1 llamadas
        0 ms _PrepareForReferenceResolution             1 llamadas
        0 ms _BuildLinkAction                           1 llamadas
        0 ms AfterResolveReferences                     1 llamadas
        0 ms ResolveSDKReferences                       1 llamadas
        0 ms _Midl                                      1 llamadas
        0 ms _Xsd                                       1 llamadas
        0 ms AfterMidl                                  1 llamadas
        0 ms ResolveReferences                          1 llamadas
        0 ms _CopySourceItemsToOutputDirectory          1 llamadas
        0 ms ComputeCustomBuildOutput                   1 llamadas
        0 ms MakeDirsForMidl                            1 llamadas
        0 ms ComputeMIDLGeneratedCompileInputs          1 llamadas
        0 ms _SelectedFiles                             1 llamadas
        0 ms PreBuildEvent                              1 llamadas
        0 ms BeforeBuildGenerateSources                 1 llamadas
        0 ms SelectCustomBuild                          1 llamadas
        1 ms GetFrameworkPaths                          1 llamadas
        1 ms BuildGenerateSourcesTraverse               1 llamadas
        1 ms _PrepareForBuild                           1 llamadas
        1 ms IncrementalClean                           1 llamadas
        1 ms _CheckForCompileOutputs                    1 llamadas
        1 ms CopyFileToFolders                          1 llamadas
        1 ms ComputeLegacyManifestEmbedding             1 llamadas
        1 ms ComputeRCOutputs                           1 llamadas
        1 ms DoLibOutputFilesMatch                      1 llamadas
        1 ms _CheckWindowsSDKInstalled                  1 llamadas
        1 ms ComputeReferenceCLInput                    1 llamadas
        1 ms ComputeCLCompileGeneratedXDCFiles          1 llamadas
        1 ms BeforeResourceCompile                      1 llamadas
        1 ms Build                                      1 llamadas
        1 ms MakeDirsForXdcMake                         1 llamadas
        1 ms GetReferenceAssemblyPaths                  1 llamadas
        1 ms AssignTargetPaths                          1 llamadas
        1 ms _GetCopyToOutputDirectoryItemsFromThisProject   1 llamadas
        2 ms MakeDirsForLib                             1 llamadas
        3 ms _GetProjectReferenceTargetFrameworkProperties   1 llamadas
        3 ms ComputeCLOutputs                           1 llamadas
        4 ms FixupCLCompileOptions                      1 llamadas
        4 ms GetCopyToOutputDirectoryItems              1 llamadas
        4 ms AssignProjectConfiguration                 1 llamadas
        5 ms ComputeCLCompileGeneratedSbrFiles          1 llamadas
        5 ms _CleanGetCurrentAndPriorFileWrites         1 llamadas
        6 ms FinalizeBuildStatus                        1 llamadas
       12 ms CustomBuild                                1 llamadas
       14 ms CopyFilesToOutputDirectory                 1 llamadas
       14 ms WarnCompileDuplicatedFilename              1 llamadas
       14 ms SetTelemetryEnvironmentVariables           1 llamadas
       15 ms MakeDirsForCl                              1 llamadas
       28 ms _CheckForInvalidConfigurationAndPlatform   1 llamadas
       32 ms InitializeBuildStatus                      1 llamadas
       40 ms ResolveProjectReferences                   1 llamadas
       49 ms PrepareForBuild                            1 llamadas
      536 ms Lib                                        1 llamadas
     2039 ms ClCompile                                  1 llamadas

Resumen del rendimiento de la tarea:
        0 ms ConvertToAbsolutePath                      1 llamadas
        1 ms AssignTargetPath                           7 llamadas
        1 ms MSBuild                                    1 llamadas
        1 ms RemoveDuplicates                           2 llamadas
        2 ms Delete                                     2 llamadas
        2 ms FindUnderPath                              5 llamadas
        2 ms CheckVCToolsetVersion                      1 llamadas
        2 ms SetEnv                                     8 llamadas
        2 ms Message                                    3 llamadas
        3 ms CallTarget                                 2 llamadas
        3 ms AssignProjectConfiguration                 1 llamadas
        4 ms MakeDir                                    9 llamadas
        4 ms ReadLinesFromFile                          2 llamadas
        4 ms WriteLinesToFile                           1 llamadas
       11 ms GetOutOfDateItems                          3 llamadas
       12 ms Copy                                       1 llamadas
       26 ms Touch                                      2 llamadas
      535 ms LIB                                        1 llamadas
     2030 ms CL                                         1 llamadas
